2022-09-19 17:28:44 startup archives unpack
2022-09-19 17:28:44 install perl-modules-5.32:all <none> 5.32.1-4+deb11u2
2022-09-19 17:28:44 status half-installed perl-modules-5.32:all 5.32.1-4+deb11u2
2022-09-19 17:28:45 status unpacked perl-modules-5.32:all 5.32.1-4+deb11u2
2022-09-19 17:28:45 install libgdbm6:amd64 <none> 1.19-2
2022-09-19 17:28:45 status triggers-pending libc-bin:amd64 2.31-13+deb11u4
2022-09-19 17:28:45 status half-installed libgdbm6:amd64 1.19-2
2022-09-19 17:28:45 status unpacked libgdbm6:amd64 1.19-2
2022-09-19 17:28:45 install libgdbm-compat4:amd64 <none> 1.19-2
2022-09-19 17:28:45 status half-installed libgdbm-compat4:amd64 1.19-2
2022-09-19 17:28:45 status unpacked libgdbm-compat4:amd64 1.19-2
2022-09-19 17:28:45 install libperl5.32:amd64 <none> 5.32.1-4+deb11u2
2022-09-19 17:28:45 status half-installed libperl5.32:amd64 5.32.1-4+deb11u2
2022-09-19 17:28:45 status unpacked libperl5.32:amd64 5.32.1-4+deb11u2
2022-09-19 17:28:45 install perl:amd64 <none> 5.32.1-4+deb11u2
2022-09-19 17:28:45 status half-installed perl:amd64 5.32.1-4+deb11u2
2022-09-19 17:28:45 status unpacked perl:amd64 5.32.1-4+deb11u2
2022-09-19 17:28:46 install libpython3.9-minimal:amd64 <none> 3.9.2-1
2022-09-19 17:28:46 status half-installed libpython3.9-minimal:amd64 3.9.2-1
2022-09-19 17:28:46 status unpacked libpython3.9-minimal:amd64 3.9.2-1
2022-09-19 17:28:46 install libexpat1:amd64 <none> 2.2.10-2+deb11u3
2022-09-19 17:28:46 status half-installed libexpat1:amd64 2.2.10-2+deb11u3
2022-09-19 17:28:46 status unpacked libexpat1:amd64 2.2.10-2+deb11u3
2022-09-19 17:28:46 install python3.9-minimal:amd64 <none> 3.9.2-1
2022-09-19 17:28:46 status half-installed python3.9-minimal:amd64 3.9.2-1
2022-09-19 17:28:46 status unpacked python3.9-minimal:amd64 3.9.2-1
2022-09-19 17:28:46 startup packages configure
2022-09-19 17:28:46 configure libpython3.9-minimal:amd64 3.9.2-1 <none>
2022-09-19 17:28:46 status unpacked libpython3.9-minimal:amd64 3.9.2-1
2022-09-19 17:28:46 status half-configured libpython3.9-minimal:amd64 3.9.2-1
2022-09-19 17:28:46 status installed libpython3.9-minimal:amd64 3.9.2-1
2022-09-19 17:28:46 configure libexpat1:amd64 2.2.10-2+deb11u3 <none>
2022-09-19 17:28:46 status unpacked libexpat1:amd64 2.2.10-2+deb11u3
2022-09-19 17:28:46 status half-configured libexpat1:amd64 2.2.10-2+deb11u3
2022-09-19 17:28:46 status installed libexpat1:amd64 2.2.10-2+deb11u3
2022-09-19 17:28:46 configure python3.9-minimal:amd64 3.9.2-1 <none>
2022-09-19 17:28:46 status unpacked python3.9-minimal:amd64 3.9.2-1
2022-09-19 17:28:46 status half-configured python3.9-minimal:amd64 3.9.2-1
2022-09-19 17:28:47 status installed python3.9-minimal:amd64 3.9.2-1
2022-09-19 17:28:47 startup archives unpack
2022-09-19 17:28:47 install python3-minimal:amd64 <none> 3.9.2-3
2022-09-19 17:28:47 status half-installed python3-minimal:amd64 3.9.2-3
2022-09-19 17:28:47 status unpacked python3-minimal:amd64 3.9.2-3
2022-09-19 17:28:47 install media-types:all <none> 4.0.0
2022-09-19 17:28:47 status half-installed media-types:all 4.0.0
2022-09-19 17:28:47 status unpacked media-types:all 4.0.0
2022-09-19 17:28:47 install mailcap:all <none> 3.69
2022-09-19 17:28:47 status half-installed mailcap:all 3.69
2022-09-19 17:28:47 status unpacked mailcap:all 3.69
2022-09-19 17:28:47 install mime-support:all <none> 3.66
2022-09-19 17:28:47 status half-installed mime-support:all 3.66
2022-09-19 17:28:47 status unpacked mime-support:all 3.66
2022-09-19 17:28:47 install libmpdec3:amd64 <none> 2.5.1-1
2022-09-19 17:28:47 status half-installed libmpdec3:amd64 2.5.1-1
2022-09-19 17:28:47 status unpacked libmpdec3:amd64 2.5.1-1
2022-09-19 17:28:47 install libncursesw6:amd64 <none> 6.2+20201114-2
2022-09-19 17:28:47 status half-installed libncursesw6:amd64 6.2+20201114-2
2022-09-19 17:28:47 status unpacked libncursesw6:amd64 6.2+20201114-2
2022-09-19 17:28:47 install readline-common:all <none> 8.1-1
2022-09-19 17:28:47 status half-installed readline-common:all 8.1-1
2022-09-19 17:28:47 status unpacked readline-common:all 8.1-1
2022-09-19 17:28:47 install libreadline8:amd64 <none> 8.1-1
2022-09-19 17:28:47 status half-installed libreadline8:amd64 8.1-1
2022-09-19 17:28:47 status unpacked libreadline8:amd64 8.1-1
2022-09-19 17:28:47 install libsqlite3-0:amd64 <none> 3.34.1-3
2022-09-19 17:28:47 status half-installed libsqlite3-0:amd64 3.34.1-3
2022-09-19 17:28:47 status unpacked libsqlite3-0:amd64 3.34.1-3
2022-09-19 17:28:48 install libpython3.9-stdlib:amd64 <none> 3.9.2-1
2022-09-19 17:28:48 status half-installed libpython3.9-stdlib:amd64 3.9.2-1
2022-09-19 17:28:48 status unpacked libpython3.9-stdlib:amd64 3.9.2-1
2022-09-19 17:28:48 install python3.9:amd64 <none> 3.9.2-1
2022-09-19 17:28:48 status half-installed python3.9:amd64 3.9.2-1
2022-09-19 17:28:48 status unpacked python3.9:amd64 3.9.2-1
2022-09-19 17:28:48 install libpython3-stdlib:amd64 <none> 3.9.2-3
2022-09-19 17:28:48 status half-installed libpython3-stdlib:amd64 3.9.2-3
2022-09-19 17:28:48 status unpacked libpython3-stdlib:amd64 3.9.2-3
2022-09-19 17:28:48 startup packages configure
2022-09-19 17:28:48 configure python3-minimal:amd64 3.9.2-3 <none>
2022-09-19 17:28:48 status unpacked python3-minimal:amd64 3.9.2-3
2022-09-19 17:28:48 status half-configured python3-minimal:amd64 3.9.2-3
2022-09-19 17:28:48 status installed python3-minimal:amd64 3.9.2-3
2022-09-19 17:28:48 startup archives unpack
2022-09-19 17:28:48 install python3:amd64 <none> 3.9.2-3
2022-09-19 17:28:48 status half-installed python3:amd64 3.9.2-3
2022-09-19 17:28:48 status unpacked python3:amd64 3.9.2-3
2022-09-19 17:28:48 install python3-pkg-resources:all <none> 52.0.0-4
2022-09-19 17:28:48 status half-installed python3-pkg-resources:all 52.0.0-4
2022-09-19 17:28:48 status unpacked python3-pkg-resources:all 52.0.0-4
2022-09-19 17:28:48 install supervisor:all <none> 4.2.2-2
2022-09-19 17:28:48 status half-installed supervisor:all 4.2.2-2
2022-09-19 17:28:48 status unpacked supervisor:all 4.2.2-2
2022-09-19 17:28:48 install libelf1:amd64 <none> 0.183-1
2022-09-19 17:28:48 status half-installed libelf1:amd64 0.183-1
2022-09-19 17:28:48 status unpacked libelf1:amd64 0.183-1
2022-09-19 17:28:49 install libbpf0:amd64 <none> 1:0.3-2
2022-09-19 17:28:49 status half-installed libbpf0:amd64 1:0.3-2
2022-09-19 17:28:49 status unpacked libbpf0:amd64 1:0.3-2
2022-09-19 17:28:49 install libmd0:amd64 <none> 1.0.3-3
2022-09-19 17:28:49 status half-installed libmd0:amd64 1.0.3-3
2022-09-19 17:28:49 status unpacked libmd0:amd64 1.0.3-3
2022-09-19 17:28:49 install libbsd0:amd64 <none> 0.11.3-1
2022-09-19 17:28:49 status half-installed libbsd0:amd64 0.11.3-1
2022-09-19 17:28:49 status unpacked libbsd0:amd64 0.11.3-1
2022-09-19 17:28:49 install libcap2:amd64 <none> 1:2.44-1
2022-09-19 17:28:49 status half-installed libcap2:amd64 1:2.44-1
2022-09-19 17:28:49 status unpacked libcap2:amd64 1:2.44-1
2022-09-19 17:28:49 install libmnl0:amd64 <none> 1.0.4-3
2022-09-19 17:28:49 status half-installed libmnl0:amd64 1.0.4-3
2022-09-19 17:28:49 status unpacked libmnl0:amd64 1.0.4-3
2022-09-19 17:28:49 install libxtables12:amd64 <none> 1.8.7-1
2022-09-19 17:28:49 status half-installed libxtables12:amd64 1.8.7-1
2022-09-19 17:28:49 status unpacked libxtables12:amd64 1.8.7-1
2022-09-19 17:28:49 install libcap2-bin:amd64 <none> 1:2.44-1
2022-09-19 17:28:49 status half-installed libcap2-bin:amd64 1:2.44-1
2022-09-19 17:28:49 status unpacked libcap2-bin:amd64 1:2.44-1
2022-09-19 17:28:49 install iproute2:amd64 <none> 5.10.0-4
2022-09-19 17:28:49 status half-installed iproute2:amd64 5.10.0-4
2022-09-19 17:28:49 status unpacked iproute2:amd64 5.10.0-4
2022-09-19 17:28:49 install netbase:all <none> 6.3
2022-09-19 17:28:49 status half-installed netbase:all 6.3
2022-09-19 17:28:49 status unpacked netbase:all 6.3
2022-09-19 17:28:49 install libncurses6:amd64 <none> 6.2+20201114-2
2022-09-19 17:28:49 status half-installed libncurses6:amd64 6.2+20201114-2
2022-09-19 17:28:49 status unpacked libncurses6:amd64 6.2+20201114-2
2022-09-19 17:28:49 install libprocps8:amd64 <none> 2:3.3.17-5
2022-09-19 17:28:49 status half-installed libprocps8:amd64 2:3.3.17-5
2022-09-19 17:28:49 status unpacked libprocps8:amd64 2:3.3.17-5
2022-09-19 17:28:49 install procps:amd64 <none> 2:3.3.17-5
2022-09-19 17:28:49 status half-installed procps:amd64 2:3.3.17-5
2022-09-19 17:28:49 status unpacked procps:amd64 2:3.3.17-5
2022-09-19 17:28:49 install sensible-utils:all <none> 0.0.14
2022-09-19 17:28:49 status half-installed sensible-utils:all 0.0.14
2022-09-19 17:28:49 status unpacked sensible-utils:all 0.0.14
2022-09-19 17:28:49 install openssl:amd64 <none> 1.1.1n-0+deb11u3
2022-09-19 17:28:49 status half-installed openssl:amd64 1.1.1n-0+deb11u3
2022-09-19 17:28:49 status unpacked openssl:amd64 1.1.1n-0+deb11u3
2022-09-19 17:28:49 install ca-certificates:all <none> 20210119
2022-09-19 17:28:49 status half-installed ca-certificates:all 20210119
2022-09-19 17:28:50 status unpacked ca-certificates:all 20210119
2022-09-19 17:28:50 install ucf:all <none> 3.0043
2022-09-19 17:28:50 status half-installed ucf:all 3.0043
2022-09-19 17:28:50 status unpacked ucf:all 3.0043
2022-09-19 17:28:50 install acl:amd64 <none> 2.2.53-10
2022-09-19 17:28:50 status half-installed acl:amd64 2.2.53-10
2022-09-19 17:28:50 status unpacked acl:amd64 2.2.53-10
2022-09-19 17:28:50 install libapr1:amd64 <none> 1.7.0-6+deb11u1
2022-09-19 17:28:50 status half-installed libapr1:amd64 1.7.0-6+deb11u1
2022-09-19 17:28:50 status unpacked libapr1:amd64 1.7.0-6+deb11u1
2022-09-19 17:28:50 install libaprutil1:amd64 <none> 1.6.1-5
2022-09-19 17:28:50 status half-installed libaprutil1:amd64 1.6.1-5
2022-09-19 17:28:50 status unpacked libaprutil1:amd64 1.6.1-5
2022-09-19 17:28:50 install apache2-utils:amd64 <none> 2.4.54-1~deb11u1
2022-09-19 17:28:50 status half-installed apache2-utils:amd64 2.4.54-1~deb11u1
2022-09-19 17:28:50 status unpacked apache2-utils:amd64 2.4.54-1~deb11u1
2022-09-19 17:28:50 install libbrotli1:amd64 <none> 1.0.9-2+b2
2022-09-19 17:28:50 status half-installed libbrotli1:amd64 1.0.9-2+b2
2022-09-19 17:28:50 status unpacked libbrotli1:amd64 1.0.9-2+b2
2022-09-19 17:28:50 install libsasl2-modules-db:amd64 <none> 2.1.27+dfsg-2.1+deb11u1
2022-09-19 17:28:50 status half-installed libsasl2-modules-db:amd64 2.1.27+dfsg-2.1+deb11u1
2022-09-19 17:28:50 status unpacked libsasl2-modules-db:amd64 2.1.27+dfsg-2.1+deb11u1
2022-09-19 17:28:50 install libsasl2-2:amd64 <none> 2.1.27+dfsg-2.1+deb11u1
2022-09-19 17:28:50 status half-installed libsasl2-2:amd64 2.1.27+dfsg-2.1+deb11u1
2022-09-19 17:28:50 status unpacked libsasl2-2:amd64 2.1.27+dfsg-2.1+deb11u1
2022-09-19 17:28:50 install libldap-2.4-2:amd64 <none> 2.4.57+dfsg-3+deb11u1
2022-09-19 17:28:50 status half-installed libldap-2.4-2:amd64 2.4.57+dfsg-3+deb11u1
2022-09-19 17:28:50 status unpacked libldap-2.4-2:amd64 2.4.57+dfsg-3+deb11u1
2022-09-19 17:28:50 install libnghttp2-14:amd64 <none> 1.43.0-1
2022-09-19 17:28:50 status half-installed libnghttp2-14:amd64 1.43.0-1
2022-09-19 17:28:50 status unpacked libnghttp2-14:amd64 1.43.0-1
2022-09-19 17:28:50 install libpsl5:amd64 <none> 0.21.0-1.2
2022-09-19 17:28:50 status half-installed libpsl5:amd64 0.21.0-1.2
2022-09-19 17:28:50 status unpacked libpsl5:amd64 0.21.0-1.2
2022-09-19 17:28:50 install librtmp1:amd64 <none> 2.4+20151223.gitfa8646d.1-2+b2
2022-09-19 17:28:50 status half-installed librtmp1:amd64 2.4+20151223.gitfa8646d.1-2+b2
2022-09-19 17:28:50 status unpacked librtmp1:amd64 2.4+20151223.gitfa8646d.1-2+b2
2022-09-19 17:28:50 install libssh2-1:amd64 <none> 1.9.0-2
2022-09-19 17:28:50 status half-installed libssh2-1:amd64 1.9.0-2
2022-09-19 17:28:50 status unpacked libssh2-1:amd64 1.9.0-2
2022-09-19 17:28:50 install libcurl4:amd64 <none> 7.74.0-1.3+deb11u3
2022-09-19 17:28:50 status half-installed libcurl4:amd64 7.74.0-1.3+deb11u3
2022-09-19 17:28:50 status unpacked libcurl4:amd64 7.74.0-1.3+deb11u3
2022-09-19 17:28:50 install curl:amd64 <none> 7.74.0-1.3+deb11u3
2022-09-19 17:28:50 status half-installed curl:amd64 7.74.0-1.3+deb11u3
2022-09-19 17:28:50 status unpacked curl:amd64 7.74.0-1.3+deb11u3
2022-09-19 17:28:50 install libpaper1:amd64 <none> 1.1.28+b1
2022-09-19 17:28:50 status half-installed libpaper1:amd64 1.1.28+b1
2022-09-19 17:28:50 status unpacked libpaper1:amd64 1.1.28+b1
2022-09-19 17:28:51 install enscript:amd64 <none> 1.6.5.90-3+b1
2022-09-19 17:28:51 status half-installed enscript:amd64 1.6.5.90-3+b1
2022-09-19 17:28:51 status unpacked enscript:amd64 1.6.5.90-3+b1
2022-09-19 17:28:51 install fonts-dejavu-core:all <none> 2.37-2
2022-09-19 17:28:51 status half-installed fonts-dejavu-core:all 2.37-2
2022-09-19 17:28:51 status unpacked fonts-dejavu-core:all 2.37-2
2022-09-19 17:28:51 install fontconfig-config:all <none> 2.13.1-4.2
2022-09-19 17:28:51 status half-installed fontconfig-config:all 2.13.1-4.2
2022-09-19 17:28:51 status unpacked fontconfig-config:all 2.13.1-4.2
2022-09-19 17:28:51 install libapparmor1:amd64 <none> 2.13.6-10
2022-09-19 17:28:51 status half-installed libapparmor1:amd64 2.13.6-10
2022-09-19 17:28:51 status unpacked libapparmor1:amd64 2.13.6-10
2022-09-19 17:28:51 install libargon2-1:amd64 <none> 0~20171227-0.2
2022-09-19 17:28:51 status half-installed libargon2-1:amd64 0~20171227-0.2
2022-09-19 17:28:51 status unpacked libargon2-1:amd64 0~20171227-0.2
2022-09-19 17:28:51 install libconfig-inifiles-perl:all <none> 3.000003-1
2022-09-19 17:28:51 status half-installed libconfig-inifiles-perl:all 3.000003-1
2022-09-19 17:28:51 status unpacked libconfig-inifiles-perl:all 3.000003-1
2022-09-19 17:28:51 install libdeflate0:amd64 <none> 1.7-1
2022-09-19 17:28:51 status half-installed libdeflate0:amd64 1.7-1
2022-09-19 17:28:51 status unpacked libdeflate0:amd64 1.7-1
2022-09-19 17:28:51 install libedit2:amd64 <none> 3.1-20191231-2+b1
2022-09-19 17:28:51 status half-installed libedit2:amd64 3.1-20191231-2+b1
2022-09-19 17:28:51 status unpacked libedit2:amd64 3.1-20191231-2+b1
2022-09-19 17:28:51 install libpng16-16:amd64 <none> 1.6.37-3
2022-09-19 17:28:51 status half-installed libpng16-16:amd64 1.6.37-3
2022-09-19 17:28:51 status unpacked libpng16-16:amd64 1.6.37-3
2022-09-19 17:28:51 install libfreetype6:amd64 <none> 2.10.4+dfsg-1+deb11u1
2022-09-19 17:28:51 status half-installed libfreetype6:amd64 2.10.4+dfsg-1+deb11u1
2022-09-19 17:28:51 status unpacked libfreetype6:amd64 2.10.4+dfsg-1+deb11u1
2022-09-19 17:28:51 install libfontconfig1:amd64 <none> 2.13.1-4.2
2022-09-19 17:28:51 status half-installed libfontconfig1:amd64 2.13.1-4.2
2022-09-19 17:28:51 status unpacked libfontconfig1:amd64 2.13.1-4.2
2022-09-19 17:28:51 install libjpeg62-turbo:amd64 <none> 1:2.0.6-4
2022-09-19 17:28:51 status half-installed libjpeg62-turbo:amd64 1:2.0.6-4
2022-09-19 17:28:51 status unpacked libjpeg62-turbo:amd64 1:2.0.6-4
2022-09-19 17:28:52 install libjbig0:amd64 <none> 2.1-3.1+b2
2022-09-19 17:28:52 status half-installed libjbig0:amd64 2.1-3.1+b2
2022-09-19 17:28:52 status unpacked libjbig0:amd64 2.1-3.1+b2
2022-09-19 17:28:52 install libwebp6:amd64 <none> 0.6.1-2.1
2022-09-19 17:28:52 status half-installed libwebp6:amd64 0.6.1-2.1
2022-09-19 17:28:52 status unpacked libwebp6:amd64 0.6.1-2.1
2022-09-19 17:28:52 install libtiff5:amd64 <none> 4.2.0-1+deb11u1
2022-09-19 17:28:52 status half-installed libtiff5:amd64 4.2.0-1+deb11u1
2022-09-19 17:28:52 status unpacked libtiff5:amd64 4.2.0-1+deb11u1
2022-09-19 17:28:52 install libxau6:amd64 <none> 1:1.0.9-1
2022-09-19 17:28:52 status half-installed libxau6:amd64 1:1.0.9-1
2022-09-19 17:28:52 status unpacked libxau6:amd64 1:1.0.9-1
2022-09-19 17:28:52 install libxdmcp6:amd64 <none> 1:1.1.2-3
2022-09-19 17:28:52 status half-installed libxdmcp6:amd64 1:1.1.2-3
2022-09-19 17:28:52 status unpacked libxdmcp6:amd64 1:1.1.2-3
2022-09-19 17:28:52 install libxcb1:amd64 <none> 1.14-3
2022-09-19 17:28:52 status half-installed libxcb1:amd64 1.14-3
2022-09-19 17:28:52 status unpacked libxcb1:amd64 1.14-3
2022-09-19 17:28:52 install libx11-data:all <none> 2:1.7.2-1
2022-09-19 17:28:52 status half-installed libx11-data:all 2:1.7.2-1
2022-09-19 17:28:52 status unpacked libx11-data:all 2:1.7.2-1
2022-09-19 17:28:52 install libx11-6:amd64 <none> 2:1.7.2-1
2022-09-19 17:28:52 status half-installed libx11-6:amd64 2:1.7.2-1
2022-09-19 17:28:52 status unpacked libx11-6:amd64 2:1.7.2-1
2022-09-19 17:28:52 install libxpm4:amd64 <none> 1:3.5.12-1
2022-09-19 17:28:52 status half-installed libxpm4:amd64 1:3.5.12-1
2022-09-19 17:28:52 status unpacked libxpm4:amd64 1:3.5.12-1
2022-09-19 17:28:52 install libgd3:amd64 <none> 2.3.0-2
2022-09-19 17:28:52 status half-installed libgd3:amd64 2.3.0-2
2022-09-19 17:28:52 status unpacked libgd3:amd64 2.3.0-2
2022-09-19 17:28:52 install libgeoip1:amd64 <none> 1.6.12-7
2022-09-19 17:28:52 status half-installed libgeoip1:amd64 1.6.12-7
2022-09-19 17:28:52 status unpacked libgeoip1:amd64 1.6.12-7
2022-09-19 17:28:52 install libicu67:amd64 <none> 67.1-7
2022-09-19 17:28:52 status half-installed libicu67:amd64 67.1-7
2022-09-19 17:28:53 status unpacked libicu67:amd64 67.1-7
2022-09-19 17:28:53 install libmagic-mgc:amd64 <none> 1:5.39-3
2022-09-19 17:28:53 status half-installed libmagic-mgc:amd64 1:5.39-3
2022-09-19 17:28:53 status unpacked libmagic-mgc:amd64 1:5.39-3
2022-09-19 17:28:53 install libmagic1:amd64 <none> 1:5.39-3
2022-09-19 17:28:53 status half-installed libmagic1:amd64 1:5.39-3
2022-09-19 17:28:53 status unpacked libmagic1:amd64 1:5.39-3
2022-09-19 17:28:54 install mysql-common:all <none> 5.8+1.0.7
2022-09-19 17:28:54 status half-installed mysql-common:all 5.8+1.0.7
2022-09-19 17:28:54 status unpacked mysql-common:all 5.8+1.0.7
2022-09-19 17:28:54 install mariadb-common:all <none> 1:10.5.15-0+deb11u1
2022-09-19 17:28:54 status half-installed mariadb-common:all 1:10.5.15-0+deb11u1
2022-09-19 17:28:54 status unpacked mariadb-common:all 1:10.5.15-0+deb11u1
2022-09-19 17:28:54 install libmariadb3:amd64 <none> 1:10.5.15-0+deb11u1
2022-09-19 17:28:54 status half-installed libmariadb3:amd64 1:10.5.15-0+deb11u1
2022-09-19 17:28:54 status unpacked libmariadb3:amd64 1:10.5.15-0+deb11u1
2022-09-19 17:28:54 install nginx-common:all <none> 1.18.0-6.1+deb11u2
2022-09-19 17:28:54 status half-installed nginx-common:all 1.18.0-6.1+deb11u2
2022-09-19 17:28:54 status unpacked nginx-common:all 1.18.0-6.1+deb11u2
2022-09-19 17:28:54 install libnginx-mod-http-geoip:amd64 <none> 1.18.0-6.1+deb11u2
2022-09-19 17:28:54 status half-installed libnginx-mod-http-geoip:amd64 1.18.0-6.1+deb11u2
2022-09-19 17:28:54 status unpacked libnginx-mod-http-geoip:amd64 1.18.0-6.1+deb11u2
2022-09-19 17:28:54 install libnginx-mod-http-image-filter:amd64 <none> 1.18.0-6.1+deb11u2
2022-09-19 17:28:54 status half-installed libnginx-mod-http-image-filter:amd64 1.18.0-6.1+deb11u2
2022-09-19 17:28:54 status unpacked libnginx-mod-http-image-filter:amd64 1.18.0-6.1+deb11u2
2022-09-19 17:28:54 install libxml2:amd64 <none> 2.9.10+dfsg-6.7+deb11u2
2022-09-19 17:28:54 status half-installed libxml2:amd64 2.9.10+dfsg-6.7+deb11u2
2022-09-19 17:28:54 status unpacked libxml2:amd64 2.9.10+dfsg-6.7+deb11u2
2022-09-19 17:28:54 install libxslt1.1:amd64 <none> 1.1.34-4+deb11u1
2022-09-19 17:28:54 status half-installed libxslt1.1:amd64 1.1.34-4+deb11u1
2022-09-19 17:28:54 status unpacked libxslt1.1:amd64 1.1.34-4+deb11u1
2022-09-19 17:28:54 install libnginx-mod-http-xslt-filter:amd64 <none> 1.18.0-6.1+deb11u2
2022-09-19 17:28:54 status half-installed libnginx-mod-http-xslt-filter:amd64 1.18.0-6.1+deb11u2
2022-09-19 17:28:54 status unpacked libnginx-mod-http-xslt-filter:amd64 1.18.0-6.1+deb11u2
2022-09-19 17:28:54 install libnginx-mod-mail:amd64 <none> 1.18.0-6.1+deb11u2
2022-09-19 17:28:54 status half-installed libnginx-mod-mail:amd64 1.18.0-6.1+deb11u2
2022-09-19 17:28:54 status unpacked libnginx-mod-mail:amd64 1.18.0-6.1+deb11u2
2022-09-19 17:28:54 install libnginx-mod-stream:amd64 <none> 1.18.0-6.1+deb11u2
2022-09-19 17:28:54 status half-installed libnginx-mod-stream:amd64 1.18.0-6.1+deb11u2
2022-09-19 17:28:54 status unpacked libnginx-mod-stream:amd64 1.18.0-6.1+deb11u2
2022-09-19 17:28:54 install libnginx-mod-stream-geoip:amd64 <none> 1.18.0-6.1+deb11u2
2022-09-19 17:28:54 status half-installed libnginx-mod-stream-geoip:amd64 1.18.0-6.1+deb11u2
2022-09-19 17:28:54 status unpacked libnginx-mod-stream-geoip:amd64 1.18.0-6.1+deb11u2
2022-09-19 17:28:54 install libonig5:amd64 <none> 6.9.6-1.1
2022-09-19 17:28:54 status half-installed libonig5:amd64 6.9.6-1.1
2022-09-19 17:28:54 status unpacked libonig5:amd64 6.9.6-1.1
2022-09-19 17:28:54 install libsodium23:amd64 <none> 1.0.18-1
2022-09-19 17:28:54 status half-installed libsodium23:amd64 1.0.18-1
2022-09-19 17:28:54 status unpacked libsodium23:amd64 1.0.18-1
2022-09-19 17:28:54 install libyaml-0-2:amd64 <none> 0.2.2-1
2022-09-19 17:28:54 status half-installed libyaml-0-2:amd64 0.2.2-1
2022-09-19 17:28:54 status unpacked libyaml-0-2:amd64 0.2.2-1
2022-09-19 17:28:55 install libzip4:amd64 <none> 1.7.3-1
2022-09-19 17:28:55 status half-installed libzip4:amd64 1.7.3-1
2022-09-19 17:28:55 status unpacked libzip4:amd64 1.7.3-1
2022-09-19 17:28:55 install lpr:amd64 <none> 1:2008.05.17.3
2022-09-19 17:28:55 status half-installed lpr:amd64 1:2008.05.17.3
2022-09-19 17:28:55 status unpacked lpr:amd64 1:2008.05.17.3
2022-09-19 17:28:55 install mariadb-client-core-10.5:amd64 <none> 1:10.5.15-0+deb11u1
2022-09-19 17:28:55 status half-installed mariadb-client-core-10.5:amd64 1:10.5.15-0+deb11u1
2022-09-19 17:28:55 status unpacked mariadb-client-core-10.5:amd64 1:10.5.15-0+deb11u1
2022-09-19 17:28:55 install mariadb-client-10.5:amd64 <none> 1:10.5.15-0+deb11u1
2022-09-19 17:28:55 status half-installed mariadb-client-10.5:amd64 1:10.5.15-0+deb11u1
2022-09-19 17:28:55 status unpacked mariadb-client-10.5:amd64 1:10.5.15-0+deb11u1
2022-09-19 17:28:55 install mariadb-client:all <none> 1:10.5.15-0+deb11u1
2022-09-19 17:28:55 status half-installed mariadb-client:all 1:10.5.15-0+deb11u1
2022-09-19 17:28:55 status unpacked mariadb-client:all 1:10.5.15-0+deb11u1
2022-09-19 17:28:55 install nginx-core:amd64 <none> 1.18.0-6.1+deb11u2
2022-09-19 17:28:55 status half-installed nginx-core:amd64 1.18.0-6.1+deb11u2
2022-09-19 17:28:55 status unpacked nginx-core:amd64 1.18.0-6.1+deb11u2
2022-09-19 17:28:55 install nginx:all <none> 1.18.0-6.1+deb11u2
2022-09-19 17:28:55 status half-installed nginx:all 1.18.0-6.1+deb11u2
2022-09-19 17:28:55 status unpacked nginx:all 1.18.0-6.1+deb11u2
2022-09-19 17:28:55 install psmisc:amd64 <none> 23.4-2
2022-09-19 17:28:55 status half-installed psmisc:amd64 23.4-2
2022-09-19 17:28:55 status unpacked psmisc:amd64 23.4-2
2022-09-19 17:28:55 install php-common:all <none> 2:76
2022-09-19 17:28:55 status half-installed php-common:all 2:76
2022-09-19 17:28:55 status unpacked php-common:all 2:76
2022-09-19 17:28:56 install php7.4-common:amd64 <none> 7.4.30-1+deb11u1
2022-09-19 17:28:56 status half-installed php7.4-common:amd64 7.4.30-1+deb11u1
2022-09-19 17:28:56 status unpacked php7.4-common:amd64 7.4.30-1+deb11u1
2022-09-19 17:28:56 install php7.4-json:amd64 <none> 7.4.30-1+deb11u1
2022-09-19 17:28:56 status half-installed php7.4-json:amd64 7.4.30-1+deb11u1
2022-09-19 17:28:56 status unpacked php7.4-json:amd64 7.4.30-1+deb11u1
2022-09-19 17:28:56 install php7.4-opcache:amd64 <none> 7.4.30-1+deb11u1
2022-09-19 17:28:56 status half-installed php7.4-opcache:amd64 7.4.30-1+deb11u1
2022-09-19 17:28:56 status unpacked php7.4-opcache:amd64 7.4.30-1+deb11u1
2022-09-19 17:28:56 install php7.4-readline:amd64 <none> 7.4.30-1+deb11u1
2022-09-19 17:28:56 status half-installed php7.4-readline:amd64 7.4.30-1+deb11u1
2022-09-19 17:28:56 status unpacked php7.4-readline:amd64 7.4.30-1+deb11u1
2022-09-19 17:28:56 install php7.4-cli:amd64 <none> 7.4.30-1+deb11u1
2022-09-19 17:28:56 status half-installed php7.4-cli:amd64 7.4.30-1+deb11u1
2022-09-19 17:28:56 status unpacked php7.4-cli:amd64 7.4.30-1+deb11u1
2022-09-19 17:28:56 install php-cli:all <none> 2:7.4+76
2022-09-19 17:28:56 status half-installed php-cli:all 2:7.4+76
2022-09-19 17:28:56 status unpacked php-cli:all 2:7.4+76
2022-09-19 17:28:56 install php7.4-curl:amd64 <none> 7.4.30-1+deb11u1
2022-09-19 17:28:56 status half-installed php7.4-curl:amd64 7.4.30-1+deb11u1
2022-09-19 17:28:56 status unpacked php7.4-curl:amd64 7.4.30-1+deb11u1
2022-09-19 17:28:56 install php-curl:all <none> 2:7.4+76
2022-09-19 17:28:56 status half-installed php-curl:all 2:7.4+76
2022-09-19 17:28:56 status unpacked php-curl:all 2:7.4+76
2022-09-19 17:28:56 install php7.4-fpm:amd64 <none> 7.4.30-1+deb11u1
2022-09-19 17:28:56 status half-installed php7.4-fpm:amd64 7.4.30-1+deb11u1
2022-09-19 17:28:56 status unpacked php7.4-fpm:amd64 7.4.30-1+deb11u1
2022-09-19 17:28:56 install php-fpm:all <none> 2:7.4+76
2022-09-19 17:28:56 status half-installed php-fpm:all 2:7.4+76
2022-09-19 17:28:57 status unpacked php-fpm:all 2:7.4+76
2022-09-19 17:28:57 install php7.4-gd:amd64 <none> 7.4.30-1+deb11u1
2022-09-19 17:28:57 status half-installed php7.4-gd:amd64 7.4.30-1+deb11u1
2022-09-19 17:28:57 status unpacked php7.4-gd:amd64 7.4.30-1+deb11u1
2022-09-19 17:28:57 install php-gd:all <none> 2:7.4+76
2022-09-19 17:28:57 status half-installed php-gd:all 2:7.4+76
2022-09-19 17:28:57 status unpacked php-gd:all 2:7.4+76
2022-09-19 17:28:57 install php7.4-gmp:amd64 <none> 7.4.30-1+deb11u1
2022-09-19 17:28:57 status half-installed php7.4-gmp:amd64 7.4.30-1+deb11u1
2022-09-19 17:28:57 status unpacked php7.4-gmp:amd64 7.4.30-1+deb11u1
2022-09-19 17:28:57 install php-gmp:all <none> 2:7.4+76
2022-09-19 17:28:57 status half-installed php-gmp:all 2:7.4+76
2022-09-19 17:28:57 status unpacked php-gmp:all 2:7.4+76
2022-09-19 17:28:57 install php7.4-intl:amd64 <none> 7.4.30-1+deb11u1
2022-09-19 17:28:57 status half-installed php7.4-intl:amd64 7.4.30-1+deb11u1
2022-09-19 17:28:57 status unpacked php7.4-intl:amd64 7.4.30-1+deb11u1
2022-09-19 17:28:57 install php-intl:all <none> 2:7.4+76
2022-09-19 17:28:57 status half-installed php-intl:all 2:7.4+76
2022-09-19 17:28:57 status unpacked php-intl:all 2:7.4+76
2022-09-19 17:28:57 install php-json:all <none> 2:7.4+76
2022-09-19 17:28:57 status half-installed php-json:all 2:7.4+76
2022-09-19 17:28:57 status unpacked php-json:all 2:7.4+76
2022-09-19 17:28:57 install php7.4-ldap:amd64 <none> 7.4.30-1+deb11u1
2022-09-19 17:28:57 status half-installed php7.4-ldap:amd64 7.4.30-1+deb11u1
2022-09-19 17:28:57 status unpacked php7.4-ldap:amd64 7.4.30-1+deb11u1
2022-09-19 17:28:57 install php-ldap:all <none> 2:7.4+76
2022-09-19 17:28:57 status half-installed php-ldap:all 2:7.4+76
2022-09-19 17:28:57 status unpacked php-ldap:all 2:7.4+76
2022-09-19 17:28:57 install php7.4-mbstring:amd64 <none> 7.4.30-1+deb11u1
2022-09-19 17:28:57 status half-installed php7.4-mbstring:amd64 7.4.30-1+deb11u1
2022-09-19 17:28:57 status unpacked php7.4-mbstring:amd64 7.4.30-1+deb11u1
2022-09-19 17:28:57 install php-mbstring:all <none> 2:7.4+76
2022-09-19 17:28:57 status half-installed php-mbstring:all 2:7.4+76
2022-09-19 17:28:57 status unpacked php-mbstring:all 2:7.4+76
2022-09-19 17:28:57 install php7.4-mysql:amd64 <none> 7.4.30-1+deb11u1
2022-09-19 17:28:57 status half-installed php7.4-mysql:amd64 7.4.30-1+deb11u1
2022-09-19 17:28:57 status unpacked php7.4-mysql:amd64 7.4.30-1+deb11u1
2022-09-19 17:28:57 install php-mysql:all <none> 2:7.4+76
2022-09-19 17:28:57 status half-installed php-mysql:all 2:7.4+76
2022-09-19 17:28:57 status unpacked php-mysql:all 2:7.4+76
2022-09-19 17:28:57 install php7.4-xml:amd64 <none> 7.4.30-1+deb11u1
2022-09-19 17:28:57 status half-installed php7.4-xml:amd64 7.4.30-1+deb11u1
2022-09-19 17:28:57 status unpacked php7.4-xml:amd64 7.4.30-1+deb11u1
2022-09-19 17:28:57 install php-xml:all <none> 2:7.4+76
2022-09-19 17:28:57 status half-installed php-xml:all 2:7.4+76
2022-09-19 17:28:57 status unpacked php-xml:all 2:7.4+76
2022-09-19 17:28:57 install php7.4-zip:amd64 <none> 7.4.30-1+deb11u1
2022-09-19 17:28:57 status half-installed php7.4-zip:amd64 7.4.30-1+deb11u1
2022-09-19 17:28:57 status unpacked php7.4-zip:amd64 7.4.30-1+deb11u1
2022-09-19 17:28:57 install php-zip:all <none> 2:7.4+76
2022-09-19 17:28:57 status half-installed php-zip:all 2:7.4+76
2022-09-19 17:28:57 status unpacked php-zip:all 2:7.4+76
2022-09-19 17:28:57 install python3-yaml:amd64 <none> 5.3.1-5
2022-09-19 17:28:57 status half-installed python3-yaml:amd64 5.3.1-5
2022-09-19 17:28:58 status unpacked python3-yaml:amd64 5.3.1-5
2022-09-19 17:28:58 install unzip:amd64 <none> 6.0-26+deb11u1
2022-09-19 17:28:58 status half-installed unzip:amd64 6.0-26+deb11u1
2022-09-19 17:28:58 status unpacked unzip:amd64 6.0-26+deb11u1
2022-09-19 17:28:58 install zip:amd64 <none> 3.0-12
2022-09-19 17:28:58 status half-installed zip:amd64 3.0-12
2022-09-19 17:28:58 status unpacked zip:amd64 3.0-12
2022-09-19 17:28:58 startup packages configure
2022-09-19 17:28:58 configure libconfig-inifiles-perl:all 3.000003-1 <none>
2022-09-19 17:28:58 status unpacked libconfig-inifiles-perl:all 3.000003-1
2022-09-19 17:28:58 status half-configured libconfig-inifiles-perl:all 3.000003-1
2022-09-19 17:28:58 status installed libconfig-inifiles-perl:all 3.000003-1
2022-09-19 17:28:58 configure media-types:all 4.0.0 <none>
2022-09-19 17:28:58 status unpacked media-types:all 4.0.0
2022-09-19 17:28:58 status half-configured media-types:all 4.0.0
2022-09-19 17:28:58 status installed media-types:all 4.0.0
2022-09-19 17:28:58 configure mysql-common:all 5.8+1.0.7 <none>
2022-09-19 17:28:58 status unpacked mysql-common:all 5.8+1.0.7
2022-09-19 17:28:58 status half-configured mysql-common:all 5.8+1.0.7
2022-09-19 17:28:58 status installed mysql-common:all 5.8+1.0.7
2022-09-19 17:28:58 configure libxau6:amd64 1:1.0.9-1 <none>
2022-09-19 17:28:58 status unpacked libxau6:amd64 1:1.0.9-1
2022-09-19 17:28:58 status half-configured libxau6:amd64 1:1.0.9-1
2022-09-19 17:28:58 status installed libxau6:amd64 1:1.0.9-1
2022-09-19 17:28:58 configure libapparmor1:amd64 2.13.6-10 <none>
2022-09-19 17:28:58 status unpacked libapparmor1:amd64 2.13.6-10
2022-09-19 17:28:58 status half-configured libapparmor1:amd64 2.13.6-10
2022-09-19 17:28:58 status installed libapparmor1:amd64 2.13.6-10
2022-09-19 17:28:58 configure libpsl5:amd64 0.21.0-1.2 <none>
2022-09-19 17:28:58 status unpacked libpsl5:amd64 0.21.0-1.2
2022-09-19 17:28:58 status half-configured libpsl5:amd64 0.21.0-1.2
2022-09-19 17:28:58 status installed libpsl5:amd64 0.21.0-1.2
2022-09-19 17:28:58 configure libsodium23:amd64 1.0.18-1 <none>
2022-09-19 17:28:58 status unpacked libsodium23:amd64 1.0.18-1
2022-09-19 17:28:58 status half-configured libsodium23:amd64 1.0.18-1
2022-09-19 17:28:58 status installed libsodium23:amd64 1.0.18-1
2022-09-19 17:28:58 configure libicu67:amd64 67.1-7 <none>
2022-09-19 17:28:58 status unpacked libicu67:amd64 67.1-7
2022-09-19 17:28:58 status half-configured libicu67:amd64 67.1-7
2022-09-19 17:28:58 status installed libicu67:amd64 67.1-7
2022-09-19 17:28:58 configure libmagic-mgc:amd64 1:5.39-3 <none>
2022-09-19 17:28:58 status unpacked libmagic-mgc:amd64 1:5.39-3
2022-09-19 17:28:58 status half-configured libmagic-mgc:amd64 1:5.39-3
2022-09-19 17:28:58 status installed libmagic-mgc:amd64 1:5.39-3
2022-09-19 17:28:58 configure psmisc:amd64 23.4-2 <none>
2022-09-19 17:28:58 status unpacked psmisc:amd64 23.4-2
2022-09-19 17:28:58 status half-configured psmisc:amd64 23.4-2
2022-09-19 17:28:58 status installed psmisc:amd64 23.4-2
2022-09-19 17:28:58 configure libyaml-0-2:amd64 0.2.2-1 <none>
2022-09-19 17:28:58 status unpacked libyaml-0-2:amd64 0.2.2-1
2022-09-19 17:28:58 status half-configured libyaml-0-2:amd64 0.2.2-1
2022-09-19 17:28:58 status installed libyaml-0-2:amd64 0.2.2-1
2022-09-19 17:28:58 configure libargon2-1:amd64 0~20171227-0.2 <none>
2022-09-19 17:28:58 status unpacked libargon2-1:amd64 0~20171227-0.2
2022-09-19 17:28:58 status half-configured libargon2-1:amd64 0~20171227-0.2
2022-09-19 17:28:58 status installed libargon2-1:amd64 0~20171227-0.2
2022-09-19 17:28:58 configure libzip4:amd64 1.7.3-1 <none>
2022-09-19 17:28:58 status unpacked libzip4:amd64 1.7.3-1
2022-09-19 17:28:58 status half-configured libzip4:amd64 1.7.3-1
2022-09-19 17:28:58 status installed libzip4:amd64 1.7.3-1
2022-09-19 17:28:58 configure unzip:amd64 6.0-26+deb11u1 <none>
2022-09-19 17:28:58 status unpacked unzip:amd64 6.0-26+deb11u1
2022-09-19 17:28:58 status half-configured unzip:amd64 6.0-26+deb11u1
2022-09-19 17:28:58 status installed unzip:amd64 6.0-26+deb11u1
2022-09-19 17:28:58 configure perl-modules-5.32:all 5.32.1-4+deb11u2 <none>
2022-09-19 17:28:58 status unpacked perl-modules-5.32:all 5.32.1-4+deb11u2
2022-09-19 17:28:58 status half-configured perl-modules-5.32:all 5.32.1-4+deb11u2
2022-09-19 17:28:58 status installed perl-modules-5.32:all 5.32.1-4+deb11u2
2022-09-19 17:28:58 configure libbrotli1:amd64 1.0.9-2+b2 <none>
2022-09-19 17:28:58 status unpacked libbrotli1:amd64 1.0.9-2+b2
2022-09-19 17:28:58 status half-configured libbrotli1:amd64 1.0.9-2+b2
2022-09-19 17:28:58 status installed libbrotli1:amd64 1.0.9-2+b2
2022-09-19 17:28:58 configure libsqlite3-0:amd64 3.34.1-3 <none>
2022-09-19 17:28:58 status unpacked libsqlite3-0:amd64 3.34.1-3
2022-09-19 17:28:58 status half-configured libsqlite3-0:amd64 3.34.1-3
2022-09-19 17:28:58 status installed libsqlite3-0:amd64 3.34.1-3
2022-09-19 17:28:58 configure libnghttp2-14:amd64 1.43.0-1 <none>
2022-09-19 17:28:58 status unpacked libnghttp2-14:amd64 1.43.0-1
2022-09-19 17:28:58 status half-configured libnghttp2-14:amd64 1.43.0-1
2022-09-19 17:28:58 status installed libnghttp2-14:amd64 1.43.0-1
2022-09-19 17:28:58 configure libmagic1:amd64 1:5.39-3 <none>
2022-09-19 17:28:58 status unpacked libmagic1:amd64 1:5.39-3
2022-09-19 17:28:58 status half-configured libmagic1:amd64 1:5.39-3
2022-09-19 17:28:58 status installed libmagic1:amd64 1:5.39-3
2022-09-19 17:28:58 configure libdeflate0:amd64 1.7-1 <none>
2022-09-19 17:28:58 status unpacked libdeflate0:amd64 1.7-1
2022-09-19 17:28:58 status half-configured libdeflate0:amd64 1.7-1
2022-09-19 17:28:58 status installed libdeflate0:amd64 1.7-1
2022-09-19 17:28:58 configure libapr1:amd64 1.7.0-6+deb11u1 <none>
2022-09-19 17:28:58 status unpacked libapr1:amd64 1.7.0-6+deb11u1
2022-09-19 17:28:58 status half-configured libapr1:amd64 1.7.0-6+deb11u1
2022-09-19 17:28:58 status installed libapr1:amd64 1.7.0-6+deb11u1
2022-09-19 17:28:58 configure nginx-common:all 1.18.0-6.1+deb11u2 <none>
2022-09-19 17:28:58 status unpacked nginx-common:all 1.18.0-6.1+deb11u2
2022-09-19 17:28:58 status half-configured nginx-common:all 1.18.0-6.1+deb11u2
2022-09-19 17:28:58 status installed nginx-common:all 1.18.0-6.1+deb11u2
2022-09-19 17:28:58 configure libjbig0:amd64 2.1-3.1+b2 <none>
2022-09-19 17:28:58 status unpacked libjbig0:amd64 2.1-3.1+b2
2022-09-19 17:28:58 status half-configured libjbig0:amd64 2.1-3.1+b2
2022-09-19 17:28:58 status installed libjbig0:amd64 2.1-3.1+b2
2022-09-19 17:28:58 configure libcap2:amd64 1:2.44-1 <none>
2022-09-19 17:28:58 status unpacked libcap2:amd64 1:2.44-1
2022-09-19 17:28:58 status half-configured libcap2:amd64 1:2.44-1
2022-09-19 17:28:58 status installed libcap2:amd64 1:2.44-1
2022-09-19 17:28:58 configure acl:amd64 2.2.53-10 <none>
2022-09-19 17:28:58 status unpacked acl:amd64 2.2.53-10
2022-09-19 17:28:58 status half-configured acl:amd64 2.2.53-10
2022-09-19 17:28:58 status installed acl:amd64 2.2.53-10
2022-09-19 17:28:58 configure libsasl2-modules-db:amd64 2.1.27+dfsg-2.1+deb11u1 <none>
2022-09-19 17:28:58 status unpacked libsasl2-modules-db:amd64 2.1.27+dfsg-2.1+deb11u1
2022-09-19 17:28:58 status half-configured libsasl2-modules-db:amd64 2.1.27+dfsg-2.1+deb11u1
2022-09-19 17:28:58 status installed libsasl2-modules-db:amd64 2.1.27+dfsg-2.1+deb11u1
2022-09-19 17:28:58 configure libcap2-bin:amd64 1:2.44-1 <none>
2022-09-19 17:28:58 status unpacked libcap2-bin:amd64 1:2.44-1
2022-09-19 17:28:58 status half-configured libcap2-bin:amd64 1:2.44-1
2022-09-19 17:28:58 status installed libcap2-bin:amd64 1:2.44-1
2022-09-19 17:28:58 configure mariadb-common:all 1:10.5.15-0+deb11u1 <none>
2022-09-19 17:28:58 status unpacked mariadb-common:all 1:10.5.15-0+deb11u1
2022-09-19 17:28:58 status half-configured mariadb-common:all 1:10.5.15-0+deb11u1
2022-09-19 17:28:58 status installed mariadb-common:all 1:10.5.15-0+deb11u1
2022-09-19 17:28:58 configure zip:amd64 3.0-12 <none>
2022-09-19 17:28:58 status unpacked zip:amd64 3.0-12
2022-09-19 17:28:58 status half-configured zip:amd64 3.0-12
2022-09-19 17:28:58 status installed zip:amd64 3.0-12
2022-09-19 17:28:58 configure libjpeg62-turbo:amd64 1:2.0.6-4 <none>
2022-09-19 17:28:58 status unpacked libjpeg62-turbo:amd64 1:2.0.6-4
2022-09-19 17:28:58 status half-configured libjpeg62-turbo:amd64 1:2.0.6-4
2022-09-19 17:28:58 status installed libjpeg62-turbo:amd64 1:2.0.6-4
2022-09-19 17:28:58 configure libx11-data:all 2:1.7.2-1 <none>
2022-09-19 17:28:58 status unpacked libx11-data:all 2:1.7.2-1
2022-09-19 17:28:58 status half-configured libx11-data:all 2:1.7.2-1
2022-09-19 17:28:58 status installed libx11-data:all 2:1.7.2-1
2022-09-19 17:28:58 configure librtmp1:amd64 2.4+20151223.gitfa8646d.1-2+b2 <none>
2022-09-19 17:28:58 status unpacked librtmp1:amd64 2.4+20151223.gitfa8646d.1-2+b2
2022-09-19 17:28:58 status half-configured librtmp1:amd64 2.4+20151223.gitfa8646d.1-2+b2
2022-09-19 17:28:58 status installed librtmp1:amd64 2.4+20151223.gitfa8646d.1-2+b2
2022-09-19 17:28:58 configure libncurses6:amd64 6.2+20201114-2 <none>
2022-09-19 17:28:58 status unpacked libncurses6:amd64 6.2+20201114-2
2022-09-19 17:28:58 status half-configured libncurses6:amd64 6.2+20201114-2
2022-09-19 17:28:58 status installed libncurses6:amd64 6.2+20201114-2
2022-09-19 17:28:58 configure libpng16-16:amd64 1.6.37-3 <none>
2022-09-19 17:28:58 status unpacked libpng16-16:amd64 1.6.37-3
2022-09-19 17:28:58 status half-configured libpng16-16:amd64 1.6.37-3
2022-09-19 17:28:58 status installed libpng16-16:amd64 1.6.37-3
2022-09-19 17:28:58 configure libmnl0:amd64 1.0.4-3 <none>
2022-09-19 17:28:58 status unpacked libmnl0:amd64 1.0.4-3
2022-09-19 17:28:58 status half-configured libmnl0:amd64 1.0.4-3
2022-09-19 17:28:58 status installed libmnl0:amd64 1.0.4-3
2022-09-19 17:28:58 configure libwebp6:amd64 0.6.1-2.1 <none>
2022-09-19 17:28:58 status unpacked libwebp6:amd64 0.6.1-2.1
2022-09-19 17:28:58 status half-configured libwebp6:amd64 0.6.1-2.1
2022-09-19 17:28:59 status installed libwebp6:amd64 0.6.1-2.1
2022-09-19 17:28:59 configure libmariadb3:amd64 1:10.5.15-0+deb11u1 <none>
2022-09-19 17:28:59 status unpacked libmariadb3:amd64 1:10.5.15-0+deb11u1
2022-09-19 17:28:59 status half-configured libmariadb3:amd64 1:10.5.15-0+deb11u1
2022-09-19 17:28:59 status installed libmariadb3:amd64 1:10.5.15-0+deb11u1
2022-09-19 17:28:59 configure fonts-dejavu-core:all 2.37-2 <none>
2022-09-19 17:28:59 status unpacked fonts-dejavu-core:all 2.37-2
2022-09-19 17:28:59 status half-configured fonts-dejavu-core:all 2.37-2
2022-09-19 17:28:59 status installed fonts-dejavu-core:all 2.37-2
2022-09-19 17:28:59 configure libncursesw6:amd64 6.2+20201114-2 <none>
2022-09-19 17:28:59 status unpacked libncursesw6:amd64 6.2+20201114-2
2022-09-19 17:28:59 status half-configured libncursesw6:amd64 6.2+20201114-2
2022-09-19 17:28:59 status installed libncursesw6:amd64 6.2+20201114-2
2022-09-19 17:28:59 configure libxtables12:amd64 1.8.7-1 <none>
2022-09-19 17:28:59 status unpacked libxtables12:amd64 1.8.7-1
2022-09-19 17:28:59 status half-configured libxtables12:amd64 1.8.7-1
2022-09-19 17:28:59 status installed libxtables12:amd64 1.8.7-1
2022-09-19 17:28:59 configure libsasl2-2:amd64 2.1.27+dfsg-2.1+deb11u1 <none>
2022-09-19 17:28:59 status unpacked libsasl2-2:amd64 2.1.27+dfsg-2.1+deb11u1
2022-09-19 17:28:59 status half-configured libsasl2-2:amd64 2.1.27+dfsg-2.1+deb11u1
2022-09-19 17:28:59 status installed libsasl2-2:amd64 2.1.27+dfsg-2.1+deb11u1
2022-09-19 17:28:59 configure libmd0:amd64 1.0.3-3 <none>
2022-09-19 17:28:59 status unpacked libmd0:amd64 1.0.3-3
2022-09-19 17:28:59 status half-configured libmd0:amd64 1.0.3-3
2022-09-19 17:28:59 status installed libmd0:amd64 1.0.3-3
2022-09-19 17:28:59 configure sensible-utils:all 0.0.14 <none>
2022-09-19 17:28:59 status unpacked sensible-utils:all 0.0.14
2022-09-19 17:28:59 status half-configured sensible-utils:all 0.0.14
2022-09-19 17:28:59 status installed sensible-utils:all 0.0.14
2022-09-19 17:28:59 configure libmpdec3:amd64 2.5.1-1 <none>
2022-09-19 17:28:59 status unpacked libmpdec3:amd64 2.5.1-1
2022-09-19 17:28:59 status half-configured libmpdec3:amd64 2.5.1-1
2022-09-19 17:28:59 status installed libmpdec3:amd64 2.5.1-1
2022-09-19 17:28:59 configure libgeoip1:amd64 1.6.12-7 <none>
2022-09-19 17:28:59 status unpacked libgeoip1:amd64 1.6.12-7
2022-09-19 17:28:59 status half-configured libgeoip1:amd64 1.6.12-7
2022-09-19 17:28:59 status installed libgeoip1:amd64 1.6.12-7
2022-09-19 17:28:59 configure libssh2-1:amd64 1.9.0-2 <none>
2022-09-19 17:28:59 status unpacked libssh2-1:amd64 1.9.0-2
2022-09-19 17:28:59 status half-configured libssh2-1:amd64 1.9.0-2
2022-09-19 17:28:59 status installed libssh2-1:amd64 1.9.0-2
2022-09-19 17:28:59 configure netbase:all 6.3 <none>
2022-09-19 17:28:59 status unpacked netbase:all 6.3
2022-09-19 17:28:59 status half-configured netbase:all 6.3
2022-09-19 17:28:59 status installed netbase:all 6.3
2022-09-19 17:28:59 configure libtiff5:amd64 4.2.0-1+deb11u1 <none>
2022-09-19 17:28:59 status unpacked libtiff5:amd64 4.2.0-1+deb11u1
2022-09-19 17:28:59 status half-configured libtiff5:amd64 4.2.0-1+deb11u1
2022-09-19 17:28:59 status installed libtiff5:amd64 4.2.0-1+deb11u1
2022-09-19 17:28:59 configure openssl:amd64 1.1.1n-0+deb11u3 <none>
2022-09-19 17:28:59 status unpacked openssl:amd64 1.1.1n-0+deb11u3
2022-09-19 17:28:59 status half-configured openssl:amd64 1.1.1n-0+deb11u3
2022-09-19 17:28:59 status installed openssl:amd64 1.1.1n-0+deb11u3
2022-09-19 17:28:59 configure libbsd0:amd64 0.11.3-1 <none>
2022-09-19 17:28:59 status unpacked libbsd0:amd64 0.11.3-1
2022-09-19 17:28:59 status half-configured libbsd0:amd64 0.11.3-1
2022-09-19 17:28:59 status installed libbsd0:amd64 0.11.3-1
2022-09-19 17:28:59 configure libelf1:amd64 0.183-1 <none>
2022-09-19 17:28:59 status unpacked libelf1:amd64 0.183-1
2022-09-19 17:28:59 status half-configured libelf1:amd64 0.183-1
2022-09-19 17:28:59 status installed libelf1:amd64 0.183-1
2022-09-19 17:28:59 configure readline-common:all 8.1-1 <none>
2022-09-19 17:28:59 status unpacked readline-common:all 8.1-1
2022-09-19 17:28:59 status half-configured readline-common:all 8.1-1
2022-09-19 17:28:59 status installed readline-common:all 8.1-1
2022-09-19 17:28:59 configure libxml2:amd64 2.9.10+dfsg-6.7+deb11u2 <none>
2022-09-19 17:28:59 status unpacked libxml2:amd64 2.9.10+dfsg-6.7+deb11u2
2022-09-19 17:28:59 status half-configured libxml2:amd64 2.9.10+dfsg-6.7+deb11u2
2022-09-19 17:28:59 status installed libxml2:amd64 2.9.10+dfsg-6.7+deb11u2
2022-09-19 17:28:59 configure libonig5:amd64 6.9.6-1.1 <none>
2022-09-19 17:28:59 status unpacked libonig5:amd64 6.9.6-1.1
2022-09-19 17:28:59 status half-configured libonig5:amd64 6.9.6-1.1
2022-09-19 17:28:59 status installed libonig5:amd64 6.9.6-1.1
2022-09-19 17:28:59 configure libprocps8:amd64 2:3.3.17-5 <none>
2022-09-19 17:28:59 status unpacked libprocps8:amd64 2:3.3.17-5
2022-09-19 17:28:59 status half-configured libprocps8:amd64 2:3.3.17-5
2022-09-19 17:28:59 status installed libprocps8:amd64 2:3.3.17-5
2022-09-19 17:28:59 configure libgdbm6:amd64 1.19-2 <none>
2022-09-19 17:28:59 status unpacked libgdbm6:amd64 1.19-2
2022-09-19 17:28:59 status half-configured libgdbm6:amd64 1.19-2
2022-09-19 17:28:59 status installed libgdbm6:amd64 1.19-2
2022-09-19 17:28:59 configure libaprutil1:amd64 1.6.1-5 <none>
2022-09-19 17:28:59 status unpacked libaprutil1:amd64 1.6.1-5
2022-09-19 17:28:59 status half-configured libaprutil1:amd64 1.6.1-5
2022-09-19 17:28:59 status installed libaprutil1:amd64 1.6.1-5
2022-09-19 17:28:59 configure php-common:all 2:76 <none>
2022-09-19 17:28:59 status unpacked php-common:all 2:76
2022-09-19 17:28:59 status half-configured php-common:all 2:76
2022-09-19 17:28:59 status installed php-common:all 2:76
2022-09-19 17:28:59 configure libnginx-mod-mail:amd64 1.18.0-6.1+deb11u2 <none>
2022-09-19 17:28:59 status unpacked libnginx-mod-mail:amd64 1.18.0-6.1+deb11u2
2022-09-19 17:28:59 status half-configured libnginx-mod-mail:amd64 1.18.0-6.1+deb11u2
2022-09-19 17:28:59 status installed libnginx-mod-mail:amd64 1.18.0-6.1+deb11u2
2022-09-19 17:28:59 configure libxdmcp6:amd64 1:1.1.2-3 <none>
2022-09-19 17:28:59 status unpacked libxdmcp6:amd64 1:1.1.2-3
2022-09-19 17:28:59 status half-configured libxdmcp6:amd64 1:1.1.2-3
2022-09-19 17:28:59 status installed libxdmcp6:amd64 1:1.1.2-3
2022-09-19 17:28:59 configure libxcb1:amd64 1.14-3 <none>
2022-09-19 17:28:59 status unpacked libxcb1:amd64 1.14-3
2022-09-19 17:28:59 status half-configured libxcb1:amd64 1.14-3
2022-09-19 17:28:59 status installed libxcb1:amd64 1.14-3
2022-09-19 17:28:59 configure libedit2:amd64 3.1-20191231-2+b1 <none>
2022-09-19 17:28:59 status unpacked libedit2:amd64 3.1-20191231-2+b1
2022-09-19 17:28:59 status half-configured libedit2:amd64 3.1-20191231-2+b1
2022-09-19 17:28:59 status installed libedit2:amd64 3.1-20191231-2+b1
2022-09-19 17:28:59 configure libreadline8:amd64 8.1-1 <none>
2022-09-19 17:28:59 status unpacked libreadline8:amd64 8.1-1
2022-09-19 17:28:59 status half-configured libreadline8:amd64 8.1-1
2022-09-19 17:28:59 status installed libreadline8:amd64 8.1-1
2022-09-19 17:28:59 configure libnginx-mod-stream:amd64 1.18.0-6.1+deb11u2 <none>
2022-09-19 17:28:59 status unpacked libnginx-mod-stream:amd64 1.18.0-6.1+deb11u2
2022-09-19 17:28:59 status half-configured libnginx-mod-stream:amd64 1.18.0-6.1+deb11u2
2022-09-19 17:28:59 status installed libnginx-mod-stream:amd64 1.18.0-6.1+deb11u2
2022-09-19 17:28:59 configure libldap-2.4-2:amd64 2.4.57+dfsg-3+deb11u1 <none>
2022-09-19 17:28:59 status unpacked libldap-2.4-2:amd64 2.4.57+dfsg-3+deb11u1
2022-09-19 17:28:59 status half-configured libldap-2.4-2:amd64 2.4.57+dfsg-3+deb11u1
2022-09-19 17:28:59 status installed libldap-2.4-2:amd64 2.4.57+dfsg-3+deb11u1
2022-09-19 17:28:59 configure libnginx-mod-stream-geoip:amd64 1.18.0-6.1+deb11u2 <none>
2022-09-19 17:28:59 status unpacked libnginx-mod-stream-geoip:amd64 1.18.0-6.1+deb11u2
2022-09-19 17:28:59 status half-configured libnginx-mod-stream-geoip:amd64 1.18.0-6.1+deb11u2
2022-09-19 17:28:59 status installed libnginx-mod-stream-geoip:amd64 1.18.0-6.1+deb11u2
2022-09-19 17:28:59 configure ca-certificates:all 20210119 <none>
2022-09-19 17:28:59 status unpacked ca-certificates:all 20210119
2022-09-19 17:28:59 status half-configured ca-certificates:all 20210119
2022-09-19 17:29:00 status installed ca-certificates:all 20210119
2022-09-19 17:29:00 status triggers-pending ca-certificates:all 20210119
2022-09-19 17:29:00 configure libnginx-mod-http-geoip:amd64 1.18.0-6.1+deb11u2 <none>
2022-09-19 17:29:00 status unpacked libnginx-mod-http-geoip:amd64 1.18.0-6.1+deb11u2
2022-09-19 17:29:00 status half-configured libnginx-mod-http-geoip:amd64 1.18.0-6.1+deb11u2
2022-09-19 17:29:00 status installed libnginx-mod-http-geoip:amd64 1.18.0-6.1+deb11u2
2022-09-19 17:29:00 configure libfreetype6:amd64 2.10.4+dfsg-1+deb11u1 <none>
2022-09-19 17:29:00 status unpacked libfreetype6:amd64 2.10.4+dfsg-1+deb11u1
2022-09-19 17:29:00 status half-configured libfreetype6:amd64 2.10.4+dfsg-1+deb11u1
2022-09-19 17:29:00 status installed libfreetype6:amd64 2.10.4+dfsg-1+deb11u1
2022-09-19 17:29:00 configure mariadb-client-core-10.5:amd64 1:10.5.15-0+deb11u1 <none>
2022-09-19 17:29:00 status unpacked mariadb-client-core-10.5:amd64 1:10.5.15-0+deb11u1
2022-09-19 17:29:00 status half-configured mariadb-client-core-10.5:amd64 1:10.5.15-0+deb11u1
2022-09-19 17:29:00 status installed mariadb-client-core-10.5:amd64 1:10.5.15-0+deb11u1
2022-09-19 17:29:00 configure libgdbm-compat4:amd64 1.19-2 <none>
2022-09-19 17:29:00 status unpacked libgdbm-compat4:amd64 1.19-2
2022-09-19 17:29:00 status half-configured libgdbm-compat4:amd64 1.19-2
2022-09-19 17:29:00 status installed libgdbm-compat4:amd64 1.19-2
2022-09-19 17:29:00 configure ucf:all 3.0043 <none>
2022-09-19 17:29:00 status unpacked ucf:all 3.0043
2022-09-19 17:29:00 status half-configured ucf:all 3.0043
2022-09-19 17:29:00 status installed ucf:all 3.0043
2022-09-19 17:29:00 configure libperl5.32:amd64 5.32.1-4+deb11u2 <none>
2022-09-19 17:29:00 status unpacked libperl5.32:amd64 5.32.1-4+deb11u2
2022-09-19 17:29:00 status half-configured libperl5.32:amd64 5.32.1-4+deb11u2
2022-09-19 17:29:00 status installed libperl5.32:amd64 5.32.1-4+deb11u2
2022-09-19 17:29:00 configure lpr:amd64 1:2008.05.17.3 <none>
2022-09-19 17:29:00 status unpacked lpr:amd64 1:2008.05.17.3
2022-09-19 17:29:00 status half-configured lpr:amd64 1:2008.05.17.3
2022-09-19 17:29:00 status installed lpr:amd64 1:2008.05.17.3
2022-09-19 17:29:00 configure procps:amd64 2:3.3.17-5 <none>
2022-09-19 17:29:00 status unpacked procps:amd64 2:3.3.17-5
2022-09-19 17:29:01 status half-configured procps:amd64 2:3.3.17-5
2022-09-19 17:29:01 status installed procps:amd64 2:3.3.17-5
2022-09-19 17:29:01 configure libxslt1.1:amd64 1.1.34-4+deb11u1 <none>
2022-09-19 17:29:01 status unpacked libxslt1.1:amd64 1.1.34-4+deb11u1
2022-09-19 17:29:01 status half-configured libxslt1.1:amd64 1.1.34-4+deb11u1
2022-09-19 17:29:01 status installed libxslt1.1:amd64 1.1.34-4+deb11u1
2022-09-19 17:29:01 configure libcurl4:amd64 7.74.0-1.3+deb11u3 <none>
2022-09-19 17:29:01 status unpacked libcurl4:amd64 7.74.0-1.3+deb11u3
2022-09-19 17:29:01 status half-configured libcurl4:amd64 7.74.0-1.3+deb11u3
2022-09-19 17:29:01 status installed libcurl4:amd64 7.74.0-1.3+deb11u3
2022-09-19 17:29:01 configure libx11-6:amd64 2:1.7.2-1 <none>
2022-09-19 17:29:01 status unpacked libx11-6:amd64 2:1.7.2-1
2022-09-19 17:29:01 status half-configured libx11-6:amd64 2:1.7.2-1
2022-09-19 17:29:01 status installed libx11-6:amd64 2:1.7.2-1
2022-09-19 17:29:01 configure curl:amd64 7.74.0-1.3+deb11u3 <none>
2022-09-19 17:29:01 status unpacked curl:amd64 7.74.0-1.3+deb11u3
2022-09-19 17:29:01 status half-configured curl:amd64 7.74.0-1.3+deb11u3
2022-09-19 17:29:01 status installed curl:amd64 7.74.0-1.3+deb11u3
2022-09-19 17:29:01 configure libbpf0:amd64 1:0.3-2 <none>
2022-09-19 17:29:01 status unpacked libbpf0:amd64 1:0.3-2
2022-09-19 17:29:01 status half-configured libbpf0:amd64 1:0.3-2
2022-09-19 17:29:01 status installed libbpf0:amd64 1:0.3-2
2022-09-19 17:29:01 configure libpython3.9-stdlib:amd64 3.9.2-1 <none>
2022-09-19 17:29:01 status unpacked libpython3.9-stdlib:amd64 3.9.2-1
2022-09-19 17:29:01 status half-configured libpython3.9-stdlib:amd64 3.9.2-1
2022-09-19 17:29:01 status installed libpython3.9-stdlib:amd64 3.9.2-1
2022-09-19 17:29:01 configure libpython3-stdlib:amd64 3.9.2-3 <none>
2022-09-19 17:29:01 status unpacked libpython3-stdlib:amd64 3.9.2-3
2022-09-19 17:29:01 status half-configured libpython3-stdlib:amd64 3.9.2-3
2022-09-19 17:29:01 status installed libpython3-stdlib:amd64 3.9.2-3
2022-09-19 17:29:01 configure apache2-utils:amd64 2.4.54-1~deb11u1 <none>
2022-09-19 17:29:01 status unpacked apache2-utils:amd64 2.4.54-1~deb11u1
2022-09-19 17:29:01 status half-configured apache2-utils:amd64 2.4.54-1~deb11u1
2022-09-19 17:29:01 status installed apache2-utils:amd64 2.4.54-1~deb11u1
2022-09-19 17:29:01 configure libpaper1:amd64 1.1.28+b1 <none>
2022-09-19 17:29:01 status unpacked libpaper1:amd64 1.1.28+b1
2022-09-19 17:29:01 status half-configured libpaper1:amd64 1.1.28+b1
2022-09-19 17:29:01 status installed libpaper1:amd64 1.1.28+b1
2022-09-19 17:29:01 configure php7.4-common:amd64 7.4.30-1+deb11u1 <none>
2022-09-19 17:29:01 status unpacked php7.4-common:amd64 7.4.30-1+deb11u1
2022-09-19 17:29:01 status half-configured php7.4-common:amd64 7.4.30-1+deb11u1
2022-09-19 17:29:05 status installed php7.4-common:amd64 7.4.30-1+deb11u1
2022-09-19 17:29:05 configure libxpm4:amd64 1:3.5.12-1 <none>
2022-09-19 17:29:05 status unpacked libxpm4:amd64 1:3.5.12-1
2022-09-19 17:29:05 status half-configured libxpm4:amd64 1:3.5.12-1
2022-09-19 17:29:05 status installed libxpm4:amd64 1:3.5.12-1
2022-09-19 17:29:05 configure php7.4-curl:amd64 7.4.30-1+deb11u1 <none>
2022-09-19 17:29:05 status unpacked php7.4-curl:amd64 7.4.30-1+deb11u1
2022-09-19 17:29:05 status half-configured php7.4-curl:amd64 7.4.30-1+deb11u1
2022-09-19 17:29:06 status installed php7.4-curl:amd64 7.4.30-1+deb11u1
2022-09-19 17:29:06 configure php7.4-mysql:amd64 7.4.30-1+deb11u1 <none>
2022-09-19 17:29:06 status unpacked php7.4-mysql:amd64 7.4.30-1+deb11u1
2022-09-19 17:29:06 status half-configured php7.4-mysql:amd64 7.4.30-1+deb11u1
2022-09-19 17:29:07 status installed php7.4-mysql:amd64 7.4.30-1+deb11u1
2022-09-19 17:29:07 configure fontconfig-config:all 2.13.1-4.2 <none>
2022-09-19 17:29:07 status unpacked fontconfig-config:all 2.13.1-4.2
2022-09-19 17:29:07 status half-configured fontconfig-config:all 2.13.1-4.2
2022-09-19 17:29:07 status installed fontconfig-config:all 2.13.1-4.2
2022-09-19 17:29:07 configure iproute2:amd64 5.10.0-4 <none>
2022-09-19 17:29:07 status unpacked iproute2:amd64 5.10.0-4
2022-09-19 17:29:07 status half-configured iproute2:amd64 5.10.0-4
2022-09-19 17:29:07 status installed iproute2:amd64 5.10.0-4
2022-09-19 17:29:07 configure php7.4-readline:amd64 7.4.30-1+deb11u1 <none>
2022-09-19 17:29:07 status unpacked php7.4-readline:amd64 7.4.30-1+deb11u1
2022-09-19 17:29:07 status half-configured php7.4-readline:amd64 7.4.30-1+deb11u1
2022-09-19 17:29:07 status installed php7.4-readline:amd64 7.4.30-1+deb11u1
2022-09-19 17:29:07 configure php7.4-mbstring:amd64 7.4.30-1+deb11u1 <none>
2022-09-19 17:29:07 status unpacked php7.4-mbstring:amd64 7.4.30-1+deb11u1
2022-09-19 17:29:07 status half-configured php7.4-mbstring:amd64 7.4.30-1+deb11u1
2022-09-19 17:29:07 status installed php7.4-mbstring:amd64 7.4.30-1+deb11u1
2022-09-19 17:29:07 configure php-mbstring:all 2:7.4+76 <none>
2022-09-19 17:29:07 status unpacked php-mbstring:all 2:7.4+76
2022-09-19 17:29:07 status half-configured php-mbstring:all 2:7.4+76
2022-09-19 17:29:07 status installed php-mbstring:all 2:7.4+76
2022-09-19 17:29:07 configure php7.4-intl:amd64 7.4.30-1+deb11u1 <none>
2022-09-19 17:29:07 status unpacked php7.4-intl:amd64 7.4.30-1+deb11u1
2022-09-19 17:29:08 status half-configured php7.4-intl:amd64 7.4.30-1+deb11u1
2022-09-19 17:29:08 status installed php7.4-intl:amd64 7.4.30-1+deb11u1
2022-09-19 17:29:08 configure php-intl:all 2:7.4+76 <none>
2022-09-19 17:29:08 status unpacked php-intl:all 2:7.4+76
2022-09-19 17:29:08 status half-configured php-intl:all 2:7.4+76
2022-09-19 17:29:08 status installed php-intl:all 2:7.4+76
2022-09-19 17:29:08 configure libnginx-mod-http-xslt-filter:amd64 1.18.0-6.1+deb11u2 <none>
2022-09-19 17:29:08 status unpacked libnginx-mod-http-xslt-filter:amd64 1.18.0-6.1+deb11u2
2022-09-19 17:29:08 status half-configured libnginx-mod-http-xslt-filter:amd64 1.18.0-6.1+deb11u2
2022-09-19 17:29:08 status installed libnginx-mod-http-xslt-filter:amd64 1.18.0-6.1+deb11u2
2022-09-19 17:29:08 configure perl:amd64 5.32.1-4+deb11u2 <none>
2022-09-19 17:29:08 status unpacked perl:amd64 5.32.1-4+deb11u2
2022-09-19 17:29:08 status half-configured perl:amd64 5.32.1-4+deb11u2
2022-09-19 17:29:08 status installed perl:amd64 5.32.1-4+deb11u2
2022-09-19 17:29:08 configure enscript:amd64 1.6.5.90-3+b1 <none>
2022-09-19 17:29:08 status unpacked enscript:amd64 1.6.5.90-3+b1
2022-09-19 17:29:08 status half-configured enscript:amd64 1.6.5.90-3+b1
2022-09-19 17:29:08 status installed enscript:amd64 1.6.5.90-3+b1
2022-09-19 17:29:08 configure php7.4-zip:amd64 7.4.30-1+deb11u1 <none>
2022-09-19 17:29:08 status unpacked php7.4-zip:amd64 7.4.30-1+deb11u1
2022-09-19 17:29:08 status half-configured php7.4-zip:amd64 7.4.30-1+deb11u1
2022-09-19 17:29:08 status installed php7.4-zip:amd64 7.4.30-1+deb11u1
2022-09-19 17:29:08 configure mariadb-client-10.5:amd64 1:10.5.15-0+deb11u1 <none>
2022-09-19 17:29:08 status unpacked mariadb-client-10.5:amd64 1:10.5.15-0+deb11u1
2022-09-19 17:29:08 status half-configured mariadb-client-10.5:amd64 1:10.5.15-0+deb11u1
2022-09-19 17:29:08 status installed mariadb-client-10.5:amd64 1:10.5.15-0+deb11u1
2022-09-19 17:29:08 configure php-zip:all 2:7.4+76 <none>
2022-09-19 17:29:08 status unpacked php-zip:all 2:7.4+76
2022-09-19 17:29:08 status half-configured php-zip:all 2:7.4+76
2022-09-19 17:29:08 status installed php-zip:all 2:7.4+76
2022-09-19 17:29:08 configure php7.4-ldap:amd64 7.4.30-1+deb11u1 <none>
2022-09-19 17:29:08 status unpacked php7.4-ldap:amd64 7.4.30-1+deb11u1
2022-09-19 17:29:08 status half-configured php7.4-ldap:amd64 7.4.30-1+deb11u1
2022-09-19 17:29:09 status installed php7.4-ldap:amd64 7.4.30-1+deb11u1
2022-09-19 17:29:09 configure php7.4-opcache:amd64 7.4.30-1+deb11u1 <none>
2022-09-19 17:29:09 status unpacked php7.4-opcache:amd64 7.4.30-1+deb11u1
2022-09-19 17:29:09 status half-configured php7.4-opcache:amd64 7.4.30-1+deb11u1
2022-09-19 17:29:09 status installed php7.4-opcache:amd64 7.4.30-1+deb11u1
2022-09-19 17:29:09 configure libfontconfig1:amd64 2.13.1-4.2 <none>
2022-09-19 17:29:09 status unpacked libfontconfig1:amd64 2.13.1-4.2
2022-09-19 17:29:09 status half-configured libfontconfig1:amd64 2.13.1-4.2
2022-09-19 17:29:09 status installed libfontconfig1:amd64 2.13.1-4.2
2022-09-19 17:29:09 configure mailcap:all 3.69 <none>
2022-09-19 17:29:09 status unpacked mailcap:all 3.69
2022-09-19 17:29:09 status half-configured mailcap:all 3.69
2022-09-19 17:29:09 status installed mailcap:all 3.69
2022-09-19 17:29:09 configure python3.9:amd64 3.9.2-1 <none>
2022-09-19 17:29:09 status unpacked python3.9:amd64 3.9.2-1
2022-09-19 17:29:09 status half-configured python3.9:amd64 3.9.2-1
2022-09-19 17:29:10 status installed python3.9:amd64 3.9.2-1
2022-09-19 17:29:10 configure php7.4-gmp:amd64 7.4.30-1+deb11u1 <none>
2022-09-19 17:29:10 status unpacked php7.4-gmp:amd64 7.4.30-1+deb11u1
2022-09-19 17:29:10 status half-configured php7.4-gmp:amd64 7.4.30-1+deb11u1
2022-09-19 17:29:10 status installed php7.4-gmp:amd64 7.4.30-1+deb11u1
2022-09-19 17:29:10 configure php-curl:all 2:7.4+76 <none>
2022-09-19 17:29:10 status unpacked php-curl:all 2:7.4+76
2022-09-19 17:29:10 status half-configured php-curl:all 2:7.4+76
2022-09-19 17:29:10 status installed php-curl:all 2:7.4+76
2022-09-19 17:29:10 configure php7.4-json:amd64 7.4.30-1+deb11u1 <none>
2022-09-19 17:29:10 status unpacked php7.4-json:amd64 7.4.30-1+deb11u1
2022-09-19 17:29:10 status half-configured php7.4-json:amd64 7.4.30-1+deb11u1
2022-09-19 17:29:10 status installed php7.4-json:amd64 7.4.30-1+deb11u1
2022-09-19 17:29:10 configure php-mysql:all 2:7.4+76 <none>
2022-09-19 17:29:10 status unpacked php-mysql:all 2:7.4+76
2022-09-19 17:29:10 status half-configured php-mysql:all 2:7.4+76
2022-09-19 17:29:10 status installed php-mysql:all 2:7.4+76
2022-09-19 17:29:10 configure php7.4-xml:amd64 7.4.30-1+deb11u1 <none>
2022-09-19 17:29:10 status unpacked php7.4-xml:amd64 7.4.30-1+deb11u1
2022-09-19 17:29:10 status half-configured php7.4-xml:amd64 7.4.30-1+deb11u1
2022-09-19 17:29:12 status installed php7.4-xml:amd64 7.4.30-1+deb11u1
2022-09-19 17:29:12 configure mime-support:all 3.66 <none>
2022-09-19 17:29:12 status unpacked mime-support:all 3.66
2022-09-19 17:29:12 status half-configured mime-support:all 3.66
2022-09-19 17:29:12 status installed mime-support:all 3.66
2022-09-19 17:29:12 configure mariadb-client:all 1:10.5.15-0+deb11u1 <none>
2022-09-19 17:29:12 status unpacked mariadb-client:all 1:10.5.15-0+deb11u1
2022-09-19 17:29:12 status half-configured mariadb-client:all 1:10.5.15-0+deb11u1
2022-09-19 17:29:12 status installed mariadb-client:all 1:10.5.15-0+deb11u1
2022-09-19 17:29:12 configure php-json:all 2:7.4+76 <none>
2022-09-19 17:29:12 status unpacked php-json:all 2:7.4+76
2022-09-19 17:29:12 status half-configured php-json:all 2:7.4+76
2022-09-19 17:29:12 status installed php-json:all 2:7.4+76
2022-09-19 17:29:12 configure python3:amd64 3.9.2-3 <none>
2022-09-19 17:29:12 status unpacked python3:amd64 3.9.2-3
2022-09-19 17:29:12 status half-configured python3:amd64 3.9.2-3
2022-09-19 17:29:12 status installed python3:amd64 3.9.2-3
2022-09-19 17:29:12 configure php7.4-cli:amd64 7.4.30-1+deb11u1 <none>
2022-09-19 17:29:12 status unpacked php7.4-cli:amd64 7.4.30-1+deb11u1
2022-09-19 17:29:12 status half-configured php7.4-cli:amd64 7.4.30-1+deb11u1
2022-09-19 17:29:13 status installed php7.4-cli:amd64 7.4.30-1+deb11u1
2022-09-19 17:29:13 status triggers-pending php7.4-cli:amd64 7.4.30-1+deb11u1
2022-09-19 17:29:13 configure php-ldap:all 2:7.4+76 <none>
2022-09-19 17:29:13 status unpacked php-ldap:all 2:7.4+76
2022-09-19 17:29:13 status half-configured php-ldap:all 2:7.4+76
2022-09-19 17:29:13 status installed php-ldap:all 2:7.4+76
2022-09-19 17:29:13 configure libgd3:amd64 2.3.0-2 <none>
2022-09-19 17:29:13 status unpacked libgd3:amd64 2.3.0-2
2022-09-19 17:29:13 status half-configured libgd3:amd64 2.3.0-2
2022-09-19 17:29:13 status installed libgd3:amd64 2.3.0-2
2022-09-19 17:29:13 configure php-gmp:all 2:7.4+76 <none>
2022-09-19 17:29:13 status unpacked php-gmp:all 2:7.4+76
2022-09-19 17:29:13 status half-configured php-gmp:all 2:7.4+76
2022-09-19 17:29:13 status installed php-gmp:all 2:7.4+76
2022-09-19 17:29:13 configure php-cli:all 2:7.4+76 <none>
2022-09-19 17:29:13 status unpacked php-cli:all 2:7.4+76
2022-09-19 17:29:13 status half-configured php-cli:all 2:7.4+76
2022-09-19 17:29:13 status installed php-cli:all 2:7.4+76
2022-09-19 17:29:13 configure php7.4-gd:amd64 7.4.30-1+deb11u1 <none>
2022-09-19 17:29:13 status unpacked php7.4-gd:amd64 7.4.30-1+deb11u1
2022-09-19 17:29:13 status half-configured php7.4-gd:amd64 7.4.30-1+deb11u1
2022-09-19 17:29:13 status installed php7.4-gd:amd64 7.4.30-1+deb11u1
2022-09-19 17:29:13 configure python3-pkg-resources:all 52.0.0-4 <none>
2022-09-19 17:29:13 status unpacked python3-pkg-resources:all 52.0.0-4
2022-09-19 17:29:13 status half-configured python3-pkg-resources:all 52.0.0-4
2022-09-19 17:29:14 status installed python3-pkg-resources:all 52.0.0-4
2022-09-19 17:29:14 configure php-xml:all 2:7.4+76 <none>
2022-09-19 17:29:14 status unpacked php-xml:all 2:7.4+76
2022-09-19 17:29:14 status half-configured php-xml:all 2:7.4+76
2022-09-19 17:29:14 status installed php-xml:all 2:7.4+76
2022-09-19 17:29:14 configure supervisor:all 4.2.2-2 <none>
2022-09-19 17:29:14 status unpacked supervisor:all 4.2.2-2
2022-09-19 17:29:14 status half-configured supervisor:all 4.2.2-2
2022-09-19 17:29:14 status installed supervisor:all 4.2.2-2
2022-09-19 17:29:14 configure php7.4-fpm:amd64 7.4.30-1+deb11u1 <none>
2022-09-19 17:29:14 status unpacked php7.4-fpm:amd64 7.4.30-1+deb11u1
2022-09-19 17:29:14 status half-configured php7.4-fpm:amd64 7.4.30-1+deb11u1
2022-09-19 17:29:16 status installed php7.4-fpm:amd64 7.4.30-1+deb11u1
2022-09-19 17:29:16 status triggers-pending php7.4-fpm:amd64 7.4.30-1+deb11u1
2022-09-19 17:29:16 configure libnginx-mod-http-image-filter:amd64 1.18.0-6.1+deb11u2 <none>
2022-09-19 17:29:16 status unpacked libnginx-mod-http-image-filter:amd64 1.18.0-6.1+deb11u2
2022-09-19 17:29:16 status half-configured libnginx-mod-http-image-filter:amd64 1.18.0-6.1+deb11u2
2022-09-19 17:29:16 status installed libnginx-mod-http-image-filter:amd64 1.18.0-6.1+deb11u2
2022-09-19 17:29:16 configure python3-yaml:amd64 5.3.1-5 <none>
2022-09-19 17:29:16 status unpacked python3-yaml:amd64 5.3.1-5
2022-09-19 17:29:16 status half-configured python3-yaml:amd64 5.3.1-5
2022-09-19 17:29:16 status installed python3-yaml:amd64 5.3.1-5
2022-09-19 17:29:16 configure php-fpm:all 2:7.4+76 <none>
2022-09-19 17:29:16 status unpacked php-fpm:all 2:7.4+76
2022-09-19 17:29:16 status half-configured php-fpm:all 2:7.4+76
2022-09-19 17:29:16 status installed php-fpm:all 2:7.4+76
2022-09-19 17:29:16 configure php-gd:all 2:7.4+76 <none>
2022-09-19 17:29:16 status unpacked php-gd:all 2:7.4+76
2022-09-19 17:29:16 status half-configured php-gd:all 2:7.4+76
2022-09-19 17:29:16 status installed php-gd:all 2:7.4+76
2022-09-19 17:29:16 configure nginx-core:amd64 1.18.0-6.1+deb11u2 <none>
2022-09-19 17:29:16 status unpacked nginx-core:amd64 1.18.0-6.1+deb11u2
2022-09-19 17:29:16 status half-configured nginx-core:amd64 1.18.0-6.1+deb11u2
2022-09-19 17:29:16 status installed nginx-core:amd64 1.18.0-6.1+deb11u2
2022-09-19 17:29:16 configure nginx:all 1.18.0-6.1+deb11u2 <none>
2022-09-19 17:29:16 status unpacked nginx:all 1.18.0-6.1+deb11u2
2022-09-19 17:29:16 status half-configured nginx:all 1.18.0-6.1+deb11u2
2022-09-19 17:29:16 status installed nginx:all 1.18.0-6.1+deb11u2
2022-09-19 17:29:16 trigproc libc-bin:amd64 2.31-13+deb11u4 <none>
2022-09-19 17:29:16 status half-configured libc-bin:amd64 2.31-13+deb11u4
2022-09-19 17:29:16 status installed libc-bin:amd64 2.31-13+deb11u4
2022-09-19 17:29:16 trigproc ca-certificates:all 20210119 <none>
2022-09-19 17:29:16 status half-configured ca-certificates:all 20210119
2022-09-19 17:29:16 status installed ca-certificates:all 20210119
2022-09-19 17:29:16 trigproc php7.4-cli:amd64 7.4.30-1+deb11u1 <none>
2022-09-19 17:29:16 status half-configured php7.4-cli:amd64 7.4.30-1+deb11u1
2022-09-19 17:29:16 status installed php7.4-cli:amd64 7.4.30-1+deb11u1
2022-09-19 17:29:17 trigproc php7.4-fpm:amd64 7.4.30-1+deb11u1 <none>
2022-09-19 17:29:17 status half-configured php7.4-fpm:amd64 7.4.30-1+deb11u1
2022-09-19 17:29:17 status installed php7.4-fpm:amd64 7.4.30-1+deb11u1
